0 info it worked if it ends with ok
1 verbose cli [ '/usr/local/bin/node',
1 verbose cli   '/usr/local/bin/npm',
1 verbose cli   'run',
1 verbose cli   'vscode:prepublish' ]
2 info using npm@3.10.10
3 info using node@v7.2.1
4 verbose run-script [ 'prevscode:prepublish',
4 verbose run-script   'vscode:prepublish',
4 verbose run-script   'postvscode:prepublish' ]
5 info lifecycle hubspot-hubl-snippets@0.0.1~prevscode:prepublish: hubspot-hubl-snippets@0.0.1
6 silly lifecycle hubspot-hubl-snippets@0.0.1~prevscode:prepublish: no script for prevscode:prepublish, continuing
7 info lifecycle hubspot-hubl-snippets@0.0.1~vscode:prepublish: hubspot-hubl-snippets@0.0.1
8 verbose lifecycle hubspot-hubl-snippets@0.0.1~vscode:prepublish: unsafe-perm in lifecycle true
9 verbose lifecycle hubspot-hubl-snippets@0.0.1~vscode:prepublish: PATH: /usr/local/lib/node_modules/npm/bin/node-gyp-bin:/Users/magnetictravis/Sandbox/hubl-snippet/Hubspot-Hubl-Snippets/node_modules/.bin:~/usr/local/bin/mongod:/usr/local/bin:/usr/bin:/bin:/usr/sbin:/sbin
10 verbose lifecycle hubspot-hubl-snippets@0.0.1~vscode:prepublish: CWD: /Users/magnetictravis/Sandbox/hubl-snippet/Hubspot-Hubl-Snippets
11 silly lifecycle hubspot-hubl-snippets@0.0.1~vscode:prepublish: Args: [ '-c', 'tsc -p ./' ]
12 silly lifecycle hubspot-hubl-snippets@0.0.1~vscode:prepublish: Returned: code: 2  signal: null
13 info lifecycle hubspot-hubl-snippets@0.0.1~vscode:prepublish: Failed to exec vscode:prepublish script
14 verbose stack Error: hubspot-hubl-snippets@0.0.1 vscode:prepublish: `tsc -p ./`
14 verbose stack Exit status 2
14 verbose stack     at EventEmitter.<anonymous> (/usr/local/lib/node_modules/npm/lib/utils/lifecycle.js:255:16)
14 verbose stack     at emitTwo (events.js:106:13)
14 verbose stack     at EventEmitter.emit (events.js:191:7)
14 verbose stack     at ChildProcess.<anonymous> (/usr/local/lib/node_modules/npm/lib/utils/spawn.js:40:14)
14 verbose stack     at emitTwo (events.js:106:13)
14 verbose stack     at ChildProcess.emit (events.js:191:7)
14 verbose stack     at maybeClose (internal/child_process.js:885:16)
14 verbose stack     at Process.ChildProcess._handle.onexit (internal/child_process.js:226:5)
15 verbose pkgid hubspot-hubl-snippets@0.0.1
16 verbose cwd /Users/magnetictravis/Sandbox/hubl-snippet/Hubspot-Hubl-Snippets
17 error Darwin 15.6.0
18 error argv "/usr/local/bin/node" "/usr/local/bin/npm" "run" "vscode:prepublish"
19 error node v7.2.1
20 error npm  v3.10.10
21 error code ELIFECYCLE
22 error hubspot-hubl-snippets@0.0.1 vscode:prepublish: `tsc -p ./`
22 error Exit status 2
23 error Failed at the hubspot-hubl-snippets@0.0.1 vscode:prepublish script 'tsc -p ./'.
23 error Make sure you have the latest version of node.js and npm installed.
23 error If you do, this is most likely a problem with the hubspot-hubl-snippets package,
23 error not with npm itself.
23 error Tell the author that this fails on your system:
23 error     tsc -p ./
23 error You can get information on how to open an issue for this project with:
23 error     npm bugs hubspot-hubl-snippets
23 error Or if that isn't available, you can get their info via:
23 error     npm owner ls hubspot-hubl-snippets
23 error There is likely additional logging output above.
24 verbose exit [ 1, true ]
